============================= test session starts ==============================
platform linux -- Python 3.7.4, pytest-5.2.1, py-1.8.0, pluggy-0.13.0
rootdir: /home/benoit/Documents/EPFL/Master/MA4/AdvancedPETS/ADVPETs_projects/project1
plugins: openfiles-0.4.0, arraydiff-0.3, remotedata-0.3.2, doctestplus-0.4.0
collected 10 items

test_expression.py ..........                                            [100%]

============================== 10 passed in 0.02s ==============================
============================= test session starts ==============================
platform linux -- Python 3.7.4, pytest-5.2.1, py-1.8.0, pluggy-0.13.0
rootdir: /home/benoit/Documents/EPFL/Master/MA4/AdvancedPETS/ADVPETs_projects/project1
plugins: openfiles-0.4.0, arraydiff-0.3, remotedata-0.3.2, doctestplus-0.4.0
collected 9 items

test_integration.py .........                                            [100%]

============================== 9 passed in 46.25s ==============================
============================= test session starts ==============================
platform linux -- Python 3.7.4, pytest-5.2.1, py-1.8.0, pluggy-0.13.0
rootdir: /home/benoit/Documents/EPFL/Master/MA4/AdvancedPETS/ADVPETs_projects/project1
plugins: openfiles-0.4.0, arraydiff-0.3, remotedata-0.3.2, doctestplus-0.4.0
collected 1 item

test_secret_sharing.py .                                                 [100%]

============================== 1 passed in 0.01s ===============================
============================= test session starts ==============================
platform linux -- Python 3.7.4, pytest-5.2.1, py-1.8.0, pluggy-0.13.0
rootdir: /home/benoit/Documents/EPFL/Master/MA4/AdvancedPETS/ADVPETs_projects/project1
plugins: openfiles-0.4.0, arraydiff-0.3, remotedata-0.3.2, doctestplus-0.4.0
collected 1 item

test_ttp.py .                                                            [100%]

============================== 1 passed in 0.01s ===============================
